<?xml version="1.0" encoding="UTF-8"?>
<!-- Generated by org.testng.reporters.JUnitReportReporter -->
<testsuite skipped="0" hostname="DESKTOP-S5UKLL1" name="qaclickacademy.AppiumTest" tests="2" failures="0" timestamp="2021-11-25T01:59:25 CET" time="0.006" errors="0">
  <testcase name="NativeAPpAndroid" time="0.000" classname="qaclickacademy.AppiumTest"/>
  <system-out/>
  <testcase name="IOSApps" time="0.006" classname="qaclickacademy.AppiumTest"/>
  <system-out/>
</testsuite> <!-- qaclickacademy.AppiumTest -->
